--------------------
./configure
Mon, Feb 11, 2019  7:21:44 PM
Checking for gcc...
=== ztest5776.c ===
extern int getchar();
int hello() {return getchar();}
===
gcc -c ztest5776.c
./configure: line 182: gcc: command not found
... using cc

Checking for obsessive-compulsive compiler options...
=== ztest5776.c ===
int foo() { return 0; }
===
cc -c -O ztest5776.c
./configure: line 370: cc: command not found
(exit code 127)
Compiler error reporting is too harsh for ./configure (perhaps remove -Werror).
** ./configure aborting.
--------------------


--------------------
./configure
Mon Feb 11 19:25:37 STD 2019
Checking for gcc...
=== ztest1204.c ===
extern int getchar();
int hello() {return getchar();}
===
gcc -c ztest1204.c
... using gcc

Checking for obsessive-compulsive compiler options...
=== ztest1204.c ===
int foo() { return 0; }
===
gcc -c -O3 ztest1204.c

Checking for shared library support...
=== ztest1204.c ===
extern int getchar();
int hello() {return getchar();}
===
gcc -w -c -O3 -fPIC ztest1204.c
gcc -shared -Wl,-soname,libz.so.1,--version-script,zlib.map -O3 -fPIC -o ztest1204.so ztest1204.o
Building shared library libz.so.1.2.11 with gcc.

=== ztest1204.c ===
#include <stdio.h>
#include <stdlib.h>
size_t dummy = 0;
===
gcc -c -O3 ztest1204.c
Checking for size_t... Yes.


=== ztest1204.c ===
#include <sys/types.h>
off64_t dummy = 0;
===
gcc -c -O3 -D_LARGEFILE64_SOURCE=1 ztest1204.c
Checking for off64_t... Yes.
Checking for fseeko... Yes.

=== ztest1204.c ===
#include <string.h>
#include <errno.h>
int main() { return strlen(strerror(errno)); }
===
gcc -O3 -D_LARGEFILE64_SOURCE=1 -o ztest1204 ztest1204.c
Checking for strerror... Yes.

=== ztest1204.c ===
#include <unistd.h>
int main() { return 0; }
===
gcc -c -O3 -D_LARGEFILE64_SOURCE=1 ztest1204.c
Checking for unistd.h... Yes.

=== ztest1204.c ===
#include <stdarg.h>
int main() { return 0; }
===
gcc -c -O3 -D_LARGEFILE64_SOURCE=1 ztest1204.c
Checking for stdarg.h... Yes.

=== ztest1204.c ===
#include <stdio.h>
#include <stdarg.h>
#include "zconf.h"
int main()
{
#ifndef STDC
  choke me
#endif
  return 0;
}
===
gcc -c -O3 -D_LARGEFILE64_SOURCE=1 ztest1204.c
Checking whether to use vs[n]printf() or s[n]printf()... using vs[n]printf().

=== ztest1204.c ===
#include <stdio.h>
#include <stdarg.h>
int mytest(const char *fmt, ...)
{
  char buf[20];
  va_list ap;
  va_start(ap, fmt);
  vsnprintf(buf, sizeof(buf), fmt, ap);
  va_end(ap);
  return 0;
}
int main()
{
  return (mytest("Hello%d\n", 1));
}
===
gcc -O3 -D_LARGEFILE64_SOURCE=1 -o ztest1204 ztest1204.c
Checking for vsnprintf() in stdio.h... Yes.

=== ztest1204.c ===
#include <stdio.h>
#include <stdarg.h>
int mytest(const char *fmt, ...)
{
  int n;
  char buf[20];
  va_list ap;
  va_start(ap, fmt);
  n = vsnprintf(buf, sizeof(buf), fmt, ap);
  va_end(ap);
  return n;
}
int main()
{
  return (mytest("Hello%d\n", 1));
}
===
gcc -c -O3 -D_LARGEFILE64_SOURCE=1 ztest1204.c
Checking for return value of vsnprintf()... Yes.

=== ztest1204.c ===
#define ZLIB_INTERNAL __attribute__((visibility ("hidden")))
int ZLIB_INTERNAL foo;
int main()
{
  return 0;
}
===
gcc -c -O3 -D_LARGEFILE64_SOURCE=1 ztest1204.c
Checking for attribute(visibility) support... Yes.

ALL = static shared all64
AR = ar
ARFLAGS = rc
CC = gcc
CFLAGS = -O3 -D_LARGEFILE64_SOURCE=1 -DHAVE_HIDDEN
CPP = gcc -E
EXE =
LDCONFIG = ldconfig
LDFLAGS =
LDSHARED = gcc -shared -Wl,-soname,libz.so.1,--version-script,zlib.map
LDSHAREDLIBC = -lc
OBJC = $(OBJZ) $(OBJG)
PIC_OBJC = $(PIC_OBJZ) $(PIC_OBJG)
RANLIB = ranlib
SFLAGS = -O3 -fPIC -D_LARGEFILE64_SOURCE=1 -DHAVE_HIDDEN
SHAREDLIB = libz.so
SHAREDLIBM = libz.so.1
SHAREDLIBV = libz.so.1.2.11
STATICLIB = libz.a
TEST = all teststatic testshared test64
VER = 1.2.11
Z_U4 =
SRCDIR =
exec_prefix = ${prefix}
includedir = ${prefix}/include
libdir = ${exec_prefix}/lib
mandir = ${prefix}/share/man
prefix = /usr/local
sharedlibdir = ${libdir}
uname = Linux
--------------------


--------------------
./configure
Mon May 20 02:55:55 DST 2019
=== ztest82.c ===
extern int getchar();
int hello() {return getchar();}
===
/mnt/c/Users/Steve/developer/projects/emsdk/emscripten/1.38.30/emcc -c ztest82.c
... using gcc

Checking for obsessive-compulsive compiler options...
=== ztest82.c ===
int foo() { return 0; }
===
/mnt/c/Users/Steve/developer/projects/emsdk/emscripten/1.38.30/emcc -c ztest82.c

Checking for shared library support...
=== ztest82.c ===
extern int getchar();
int hello() {return getchar();}
===
/mnt/c/Users/Steve/developer/projects/emsdk/emscripten/1.38.30/emcc -w -c -fPIC ztest82.c
/mnt/c/Users/Steve/developer/projects/emsdk/emscripten/1.38.30/emcc -fPIC -o ztest82.so ztest82.o
cache:INFO: generating system library: libdlmalloc.bc... (this will be cached in "/home/steve/.emscripten_cache/asmjs/libdlmalloc.bc" for subsequent builds)
cache:INFO:  - ok
Building shared library libz.so.1.2.11 with /mnt/c/Users/Steve/developer/projects/emsdk/emscripten/1.38.30/emcc.

=== ztest82.c ===
#include <stdio.h>
#include <stdlib.h>
size_t dummy = 0;
===
/mnt/c/Users/Steve/developer/projects/emsdk/emscripten/1.38.30/emcc -c ztest82.c
Checking for size_t... Yes.


=== ztest82.c ===
#include <sys/types.h>
off64_t dummy = 0;
===
/mnt/c/Users/Steve/developer/projects/emsdk/emscripten/1.38.30/emcc -c -D_LARGEFILE64_SOURCE=1 ztest82.c
Checking for off64_t... Yes.
Checking for fseeko... Yes.

=== ztest82.c ===
#include <string.h>
#include <errno.h>
int main() { return strlen(strerror(errno)); }
===
/mnt/c/Users/Steve/developer/projects/emsdk/emscripten/1.38.30/emcc -D_LARGEFILE64_SOURCE=1 -o ztest82 ztest82.c
Checking for strerror... Yes.

=== ztest82.c ===
#include <unistd.h>
int main() { return 0; }
===
/mnt/c/Users/Steve/developer/projects/emsdk/emscripten/1.38.30/emcc -c -D_LARGEFILE64_SOURCE=1 ztest82.c
Checking for unistd.h... Yes.

=== ztest82.c ===
#include <stdarg.h>
int main() { return 0; }
===
/mnt/c/Users/Steve/developer/projects/emsdk/emscripten/1.38.30/emcc -c -D_LARGEFILE64_SOURCE=1 ztest82.c
Checking for stdarg.h... Yes.

=== ztest82.c ===
#include <stdio.h>
#include <stdarg.h>
#include "zconf.h"
int main()
{
#ifndef STDC
  choke me
#endif
  return 0;
}
===
/mnt/c/Users/Steve/developer/projects/emsdk/emscripten/1.38.30/emcc -c -D_LARGEFILE64_SOURCE=1 ztest82.c
Checking whether to use vs[n]printf() or s[n]printf()... using vs[n]printf().

=== ztest82.c ===
#include <stdio.h>
#include <stdarg.h>
int mytest(const char *fmt, ...)
{
  char buf[20];
  va_list ap;
  va_start(ap, fmt);
  vsnprintf(buf, sizeof(buf), fmt, ap);
  va_end(ap);
  return 0;
}
int main()
{
  return (mytest("Hello%d\n", 1));
}
===
/mnt/c/Users/Steve/developer/projects/emsdk/emscripten/1.38.30/emcc -D_LARGEFILE64_SOURCE=1 -o ztest82 ztest82.c
Checking for vsnprintf() in stdio.h... Yes.

=== ztest82.c ===
#include <stdio.h>
#include <stdarg.h>
int mytest(const char *fmt, ...)
{
  int n;
  char buf[20];
  va_list ap;
  va_start(ap, fmt);
  n = vsnprintf(buf, sizeof(buf), fmt, ap);
  va_end(ap);
  return n;
}
int main()
{
  return (mytest("Hello%d\n", 1));
}
===
/mnt/c/Users/Steve/developer/projects/emsdk/emscripten/1.38.30/emcc -c -D_LARGEFILE64_SOURCE=1 ztest82.c
Checking for return value of vsnprintf()... Yes.

=== ztest82.c ===
#define ZLIB_INTERNAL __attribute__((visibility ("hidden")))
int ZLIB_INTERNAL foo;
int main()
{
  return 0;
}
===
/mnt/c/Users/Steve/developer/projects/emsdk/emscripten/1.38.30/emcc -c -D_LARGEFILE64_SOURCE=1 ztest82.c
Checking for attribute(visibility) support... Yes.

ALL = static shared all64
AR = /mnt/c/Users/Steve/developer/projects/emsdk/emscripten/1.38.30/emar
ARFLAGS = rc
CC = /mnt/c/Users/Steve/developer/projects/emsdk/emscripten/1.38.30/emcc
CFLAGS = -D_LARGEFILE64_SOURCE=1 -DHAVE_HIDDEN
CPP = /mnt/c/Users/Steve/developer/projects/emsdk/emscripten/1.38.30/emcc -E
EXE =
LDCONFIG = ldconfig
LDFLAGS =
LDSHARED = /mnt/c/Users/Steve/developer/projects/emsdk/emscripten/1.38.30/emcc
LDSHAREDLIBC = -lc
OBJC = $(OBJZ) $(OBJG)
PIC_OBJC = $(PIC_OBJZ) $(PIC_OBJG)
RANLIB = /mnt/c/Users/Steve/developer/projects/emsdk/emscripten/1.38.30/emranlib
SFLAGS = -fPIC -D_LARGEFILE64_SOURCE=1 -DHAVE_HIDDEN
SHAREDLIB = libz.so
SHAREDLIBM = libz.so.1
SHAREDLIBV = libz.so.1.2.11
STATICLIB = libz.a
TEST = all teststatic testshared test64
VER = 1.2.11
Z_U4 =
SRCDIR =
exec_prefix = ${prefix}
includedir = ${prefix}/include
libdir = ${exec_prefix}/lib
mandir = ${prefix}/share/man
prefix = /usr/local
sharedlibdir = ${libdir}
uname = Linux
--------------------


